
RAxML-NG v. 1.0.1-master released on 19.09.2020 by The Exelixis Lab.
Developed by: Alexey M. Kozlov and Alexandros Stamatakis.
Contributors: Diego Darriba, Tomas Flouri, Benoit Morel, Sarah Lutteropp, Ben Bettisworth.
Latest version: https://github.com/amkozlov/raxml-ng
Questions/problems/suggestions? Please visit: https://groups.google.com/forum/#!forum/raxml

System: Intel(R) Core(TM) i7-2670QM CPU @ 2.20GHz, 4 cores, 15 GB RAM

RAxML-NG was called at 19-Mar-2024 01:03:47 as follows:

raxml-ng --all --msa binmat.fa --model BIN --redo --bs-trees 10

Analysis options:
  run mode: ML tree search + bootstrapping (Felsenstein Bootstrap)
  start tree(s): random (10) + parsimony (10)
  bootstrap replicates: 10
  random seed: 1710803027
  tip-inner: OFF
  pattern compression: ON
  per-rate scalers: OFF
  site repeats: ON
  branch lengths: proportional (ML estimate, algorithm: NR-FAST)
  SIMD kernels: AVX
  parallelization: coarse-grained (auto), PTHREADS (auto)

WARNING: Running in REDO mode: existing checkpoints are ignored, and all result files will be overwritten!

[00:00:00] Reading alignment from file: binmat.fa
[00:00:00] Loaded alignment with 46 taxa and 286 sites

WARNING: Sequences 14 and 15 are exactly identical!
WARNING: Duplicate sequences found: 1

NOTE: Reduced alignment (with duplicates and gap-only sites/taxa removed) 
NOTE: was saved to: /home/pavlos/research/language_evolution/mslang/binmat.fa.raxml.reduced.phy

Alignment comprises 1 partitions and 224 patterns

Partition 0: noname
Model: BIN+FO
Alignment sites / patterns: 286 / 224
Gaps: 0.00 %
Invariant sites: 0.00 %


NOTE: Binary MSA file created: binmat.fa.raxml.rba

Parallelization scheme autoconfig: 4 worker(s) x 1 thread(s)

Parallel reduction/worker buffer size: 1 KB  / 0 KB

[00:00:00] Generating 10 random starting tree(s) with 46 taxa
[00:00:00] Generating 10 parsimony starting tree(s) with 46 taxa
[00:00:00] Data distribution: max. partitions/sites/weight per thread: 1 / 224 / 448
[00:00:00] Data distribution: max. searches per worker: 8

Starting ML tree search with 20 distinct starting trees

[00:00:01] [worker #1] ML tree search #2, logLikelihood: -2495.374772
[00:00:01] [worker #2] ML tree search #3, logLikelihood: -2499.777138
[00:00:01] [worker #3] ML tree search #4, logLikelihood: -2495.374772
[00:00:01] [worker #0] ML tree search #1, logLikelihood: -2495.374772
[00:00:03] [worker #1] ML tree search #6, logLikelihood: -2499.777138
[00:00:03] [worker #2] ML tree search #7, logLikelihood: -2495.374772
[00:00:03] [worker #3] ML tree search #8, logLikelihood: -2499.777138
[00:00:03] [worker #0] ML tree search #5, logLikelihood: -2495.374772
[00:00:04] [worker #2] ML tree search #11, logLikelihood: -2495.374772
[00:00:04] [worker #3] ML tree search #12, logLikelihood: -2495.374772
[00:00:04] [worker #1] ML tree search #10, logLikelihood: -2495.374772
[00:00:05] [worker #0] ML tree search #9, logLikelihood: -2499.777138
[00:00:05] [worker #2] ML tree search #15, logLikelihood: -2495.374772
[00:00:05] [worker #3] ML tree search #16, logLikelihood: -2495.374772
[00:00:05] [worker #1] ML tree search #14, logLikelihood: -2495.374772
[00:00:06] [worker #0] ML tree search #13, logLikelihood: -2495.374772
[00:00:06] [worker #2] ML tree search #19, logLikelihood: -2495.374772
[00:00:06] [worker #3] ML tree search #20, logLikelihood: -2495.374772
[00:00:07] [worker #1] ML tree search #18, logLikelihood: -2499.777138
[00:00:07] [worker #0] ML tree search #17, logLikelihood: -2495.374772

[00:00:07] ML tree search completed, best tree logLH: -2495.374772

[00:00:07] Starting bootstrapping analysis with 10 replicates.

[00:00:08] [worker #0] Bootstrap tree #1, logLikelihood: -2413.733288
[00:00:08] [worker #2] Bootstrap tree #3, logLikelihood: -2338.821484
[00:00:08] [worker #1] Bootstrap tree #2, logLikelihood: -2428.342073
[00:00:09] [worker #3] Bootstrap tree #4, logLikelihood: -2525.929782
[00:00:09] [worker #0] Bootstrap tree #5, logLikelihood: -2485.159839
[00:00:10] [worker #1] Bootstrap tree #6, logLikelihood: -2470.263862
[00:00:10] [worker #2] Bootstrap tree #7, logLikelihood: -2398.018130
[00:00:10] [worker #3] Bootstrap tree #8, logLikelihood: -2400.217474
[00:00:11] [worker #1] Bootstrap tree #10, logLikelihood: -2364.109349
[00:00:11] [worker #0] Bootstrap tree #9, logLikelihood: -2429.652896

Optimized model parameters:

   Partition 0: noname
   Rate heterogeneity: NONE
   Base frequencies (ML): 0.493336 0.506664 
   Substitution rates (ML): 1.000000 


Final LogLikelihood: -2495.374772

AIC score: 5170.749543 / AICc score: 5254.749543 / BIC score: 5499.788806
Free parameters (model + branch lengths): 90

WARNING: Best ML tree contains 3 near-zero branches!

Best ML tree with collapsed near-zero branches saved to: /home/pavlos/research/language_evolution/mslang/binmat.fa.raxml.bestTreeCollapsed
Best ML tree saved to: /home/pavlos/research/language_evolution/mslang/binmat.fa.raxml.bestTree
All ML trees saved to: /home/pavlos/research/language_evolution/mslang/binmat.fa.raxml.mlTrees
Best ML tree with Felsenstein bootstrap (FBP) support values saved to: /home/pavlos/research/language_evolution/mslang/binmat.fa.raxml.support
Optimized model saved to: /home/pavlos/research/language_evolution/mslang/binmat.fa.raxml.bestModel
Bootstrap trees saved to: /home/pavlos/research/language_evolution/mslang/binmat.fa.raxml.bootstraps

Execution log saved to: /home/pavlos/research/language_evolution/mslang/binmat.fa.raxml.log

Analysis started: 19-Mar-2024 01:03:47 / finished: 19-Mar-2024 01:03:59

Elapsed time: 11.210 seconds

Consumed energy: 5124065871.644 Wh (= 25620329 km in an electric car, or 128101647 km with an e-scooter!)

