
RAxML-NG v. 1.0.1-master released on 19.09.2020 by The Exelixis Lab.
Developed by: Alexey M. Kozlov and Alexandros Stamatakis.
Contributors: Diego Darriba, Tomas Flouri, Benoit Morel, Sarah Lutteropp, Ben Bettisworth.
Latest version: https://github.com/amkozlov/raxml-ng
Questions/problems/suggestions? Please visit: https://groups.google.com/forum/#!forum/raxml

System: Intel(R) Core(TM) i7-2670QM CPU @ 2.20GHz, 4 cores, 15 GB RAM

RAxML-NG was called at 19-Mar-2024 01:03:59 as follows:

raxml-ng --all --msa multmat.fa --model MULTI10_MK --redo --bs-trees 10

Analysis options:
  run mode: ML tree search + bootstrapping (Felsenstein Bootstrap)
  start tree(s): random (10) + parsimony (10)
  bootstrap replicates: 10
  random seed: 1710803039
  tip-inner: OFF
  pattern compression: ON
  per-rate scalers: OFF
  site repeats: ON
  branch lengths: proportional (ML estimate, algorithm: NR-FAST)
  SIMD kernels: AVX
  parallelization: coarse-grained (auto), PTHREADS (auto)

WARNING: Running in REDO mode: existing checkpoints are ignored, and all result files will be overwritten!

[00:00:00] Reading alignment from file: multmat.fa
[00:00:00] Loaded alignment with 46 taxa and 190 sites

WARNING: Sequences 14 and 15 are exactly identical!
WARNING: Duplicate sequences found: 1

NOTE: Reduced alignment (with duplicates and gap-only sites/taxa removed) 
NOTE: was saved to: /home/pavlos/research/language_evolution/mslang/multmat.fa.raxml.reduced.phy

Alignment comprises 1 partitions and 179 patterns

Partition 0: noname
Model: MULTI10_MK
Alignment sites / patterns: 190 / 179
Gaps: 0.00 %
Invariant sites: 0.00 %


NOTE: Binary MSA file created: multmat.fa.raxml.rba

Parallelization scheme autoconfig: 4 worker(s) x 1 thread(s)

Parallel reduction/worker buffer size: 1 KB  / 0 KB

[00:00:00] Generating 10 random starting tree(s) with 46 taxa
[00:00:00] Generating 10 parsimony starting tree(s) with 46 taxa
[00:00:00] Data distribution: max. partitions/sites/weight per thread: 1 / 179 / 1790
[00:00:00] Data distribution: max. searches per worker: 8

Starting ML tree search with 20 distinct starting trees

[00:00:02] [worker #3] ML tree search #4, logLikelihood: -3009.378086
[00:00:03] [worker #0] ML tree search #1, logLikelihood: -3009.378086
[00:00:03] [worker #1] ML tree search #2, logLikelihood: -3009.378086
[00:00:03] [worker #2] ML tree search #3, logLikelihood: -3009.378086
[00:00:05] [worker #3] ML tree search #8, logLikelihood: -3009.378086
[00:00:06] [worker #1] ML tree search #6, logLikelihood: -3009.378086
[00:00:06] [worker #0] ML tree search #5, logLikelihood: -3009.378086
[00:00:06] [worker #2] ML tree search #7, logLikelihood: -3009.378086
[00:00:07] [worker #3] ML tree search #12, logLikelihood: -3009.378086
[00:00:08] [worker #2] ML tree search #11, logLikelihood: -3009.378086
[00:00:09] [worker #1] ML tree search #10, logLikelihood: -3009.378086
[00:00:09] [worker #0] ML tree search #9, logLikelihood: -3009.378086
[00:00:09] [worker #3] ML tree search #16, logLikelihood: -3009.378086
[00:00:10] [worker #2] ML tree search #15, logLikelihood: -3009.378086
[00:00:11] [worker #0] ML tree search #13, logLikelihood: -3009.378086
[00:00:11] [worker #1] ML tree search #14, logLikelihood: -3009.378086
[00:00:11] [worker #3] ML tree search #20, logLikelihood: -3009.378086
[00:00:12] [worker #2] ML tree search #19, logLikelihood: -3009.378086
[00:00:13] [worker #0] ML tree search #17, logLikelihood: -3009.378086
[00:00:14] [worker #1] ML tree search #18, logLikelihood: -3009.378086

[00:00:14] ML tree search completed, best tree logLH: -3009.378086

[00:00:14] Starting bootstrapping analysis with 10 replicates.

[00:00:16] [worker #2] Bootstrap tree #3, logLikelihood: -3064.832387
[00:00:16] [worker #1] Bootstrap tree #2, logLikelihood: -3031.123564
[00:00:16] [worker #0] Bootstrap tree #1, logLikelihood: -3038.444737
[00:00:16] [worker #3] Bootstrap tree #4, logLikelihood: -2902.702248
[00:00:18] [worker #2] Bootstrap tree #7, logLikelihood: -3055.218457
[00:00:18] [worker #1] Bootstrap tree #6, logLikelihood: -2904.398251
[00:00:18] [worker #0] Bootstrap tree #5, logLikelihood: -2917.950685
[00:00:18] [worker #3] Bootstrap tree #8, logLikelihood: -3036.610538
[00:00:20] [worker #1] Bootstrap tree #10, logLikelihood: -2868.827358
[00:00:20] [worker #0] Bootstrap tree #9, logLikelihood: -3015.872742

Optimized model parameters:

   Partition 0: noname
   Rate heterogeneity: NONE
   Base frequencies (model): 0.100000 0.100000 0.100000 0.100000 0.100000 0.100000 0.100000 0.100000 0.100000 0.100000 
   Substitution rates (model): 1.000000 1.000000 1.000000 1.000000 1.000000 1.000000 1.000000 1.000000 1.000000 1.000000 1.000000 1.000000 1.000000 1.000000 1.000000 1.000000 1.000000 1.000000 1.000000 1.000000 1.000000 1.000000 1.000000 1.000000 1.000000 1.000000 1.000000 1.000000 1.000000 1.000000 1.000000 1.000000 1.000000 1.000000 1.000000 1.000000 1.000000 1.000000 1.000000 1.000000 1.000000 1.000000 1.000000 1.000000 1.000000 


Final LogLikelihood: -3009.378086

AIC score: 6196.756171 / AICc score: 6356.956171 / BIC score: 6485.741314
Free parameters (model + branch lengths): 89

WARNING: Best ML tree contains 4 near-zero branches!

Best ML tree with collapsed near-zero branches saved to: /home/pavlos/research/language_evolution/mslang/multmat.fa.raxml.bestTreeCollapsed
Best ML tree saved to: /home/pavlos/research/language_evolution/mslang/multmat.fa.raxml.bestTree
All ML trees saved to: /home/pavlos/research/language_evolution/mslang/multmat.fa.raxml.mlTrees
Best ML tree with Felsenstein bootstrap (FBP) support values saved to: /home/pavlos/research/language_evolution/mslang/multmat.fa.raxml.support
Optimized model saved to: /home/pavlos/research/language_evolution/mslang/multmat.fa.raxml.bestModel
Bootstrap trees saved to: /home/pavlos/research/language_evolution/mslang/multmat.fa.raxml.bootstraps

Execution log saved to: /home/pavlos/research/language_evolution/mslang/multmat.fa.raxml.log

Analysis started: 19-Mar-2024 01:03:59 / finished: 19-Mar-2024 01:04:20

Elapsed time: 20.834 seconds

Consumed energy: 5124067619.270 Wh (= 25620338 km in an electric car, or 128101690 km with an e-scooter!)

