
RAxML-NG v. 1.0.1-master released on 19.09.2020 by The Exelixis Lab.
Developed by: Alexey M. Kozlov and Alexandros Stamatakis.
Contributors: Diego Darriba, Tomas Flouri, Benoit Morel, Sarah Lutteropp, Ben Bettisworth.
Latest version: https://github.com/amkozlov/raxml-ng
Questions/problems/suggestions? Please visit: https://groups.google.com/forum/#!forum/raxml

System: Intel(R) Core(TM) i7-2670QM CPU @ 2.20GHz, 4 cores, 15 GB RAM

RAxML-NG was called at 18-Mar-2024 21:32:49 as follows:

raxml-ng --all --msa origbinmat.fa --model BIN --redo --bs-trees 10

Analysis options:
  run mode: ML tree search + bootstrapping (Felsenstein Bootstrap)
  start tree(s): random (10) + parsimony (10)
  bootstrap replicates: 10
  random seed: 1710790369
  tip-inner: OFF
  pattern compression: ON
  per-rate scalers: OFF
  site repeats: ON
  branch lengths: proportional (ML estimate, algorithm: NR-FAST)
  SIMD kernels: AVX
  parallelization: coarse-grained (auto), PTHREADS (auto)

WARNING: Running in REDO mode: existing checkpoints are ignored, and all result files will be overwritten!

[00:00:00] Reading alignment from file: origbinmat.fa
[00:00:00] Loaded alignment with 46 taxa and 347 sites

WARNING: Sequences 6 and 7 are exactly identical!
WARNING: Sequences 6 and 8 are exactly identical!
WARNING: Sequences 31 and 32 are exactly identical!
WARNING: Duplicate sequences found: 3

NOTE: Reduced alignment (with duplicates and gap-only sites/taxa removed) 
NOTE: was saved to: /home/pavlos/research/language_evolution/mslang/origbinmat.fa.raxml.reduced.phy

Alignment comprises 1 partitions and 74 patterns

Partition 0: noname
Model: BIN+FO
Alignment sites / patterns: 347 / 74
Gaps: 0.00 %
Invariant sites: 0.00 %


NOTE: Binary MSA file created: origbinmat.fa.raxml.rba

Parallelization scheme autoconfig: 4 worker(s) x 1 thread(s)

Parallel reduction/worker buffer size: 1 KB  / 0 KB

[00:00:00] Generating 10 random starting tree(s) with 46 taxa
[00:00:00] Generating 10 parsimony starting tree(s) with 46 taxa
[00:00:00] Data distribution: max. partitions/sites/weight per thread: 1 / 74 / 148
[00:00:00] Data distribution: max. searches per worker: 8

Starting ML tree search with 20 distinct starting trees

[00:00:01] [worker #3] ML tree search #4, logLikelihood: -1832.099764
[00:00:01] [worker #2] ML tree search #3, logLikelihood: -1906.991025
[00:00:01] [worker #1] ML tree search #2, logLikelihood: -1936.167010
[00:00:01] [worker #0] ML tree search #1, logLikelihood: -1921.358955
[00:00:02] [worker #3] ML tree search #8, logLikelihood: -1928.390054
[00:00:02] [worker #1] ML tree search #6, logLikelihood: -1936.167026
[00:00:02] [worker #3] ML tree search #12, logLikelihood: -1832.099282
[00:00:02] [worker #2] ML tree search #7, logLikelihood: -1832.099323
[00:00:02] [worker #0] ML tree search #5, logLikelihood: -1832.099303
[00:00:03] [worker #3] ML tree search #16, logLikelihood: -1832.099281
[00:00:03] [worker #2] ML tree search #11, logLikelihood: -1832.099282
[00:00:03] [worker #3] ML tree search #20, logLikelihood: -1832.099282
[00:00:03] [worker #2] ML tree search #15, logLikelihood: -1832.099282
[00:00:04] [worker #1] ML tree search #10, logLikelihood: -1832.100012
[00:00:04] [worker #2] ML tree search #19, logLikelihood: -1832.099280
[00:00:04] [worker #0] ML tree search #9, logLikelihood: -1832.099292
[00:00:04] [worker #1] ML tree search #14, logLikelihood: -1832.099281
[00:00:04] [worker #0] ML tree search #13, logLikelihood: -1832.099282
[00:00:04] [worker #1] ML tree search #18, logLikelihood: -1832.099282
[00:00:05] [worker #0] ML tree search #17, logLikelihood: -1832.099281

[00:00:05] ML tree search completed, best tree logLH: -1832.099280

[00:00:05] Starting bootstrapping analysis with 10 replicates.

[00:00:06] [worker #2] Bootstrap tree #3, logLikelihood: -1875.022750
[00:00:06] [worker #3] Bootstrap tree #4, logLikelihood: -1795.741831
[00:00:06] [worker #0] Bootstrap tree #1, logLikelihood: -1794.504923
[00:00:06] [worker #1] Bootstrap tree #2, logLikelihood: -1807.748363
[00:00:07] [worker #2] Bootstrap tree #7, logLikelihood: -1818.482031
[00:00:07] [worker #0] Bootstrap tree #5, logLikelihood: -1957.276336
[00:00:08] [worker #3] Bootstrap tree #8, logLikelihood: -1863.318077
[00:00:08] [worker #1] Bootstrap tree #6, logLikelihood: -1921.259705
[00:00:09] [worker #1] Bootstrap tree #10, logLikelihood: -1805.960594
[00:00:09] [worker #0] Bootstrap tree #9, logLikelihood: -2018.919974

Optimized model parameters:

   Partition 0: noname
   Rate heterogeneity: NONE
   Base frequencies (ML): 0.828713 0.171287 
   Substitution rates (ML): 1.000000 


Final LogLikelihood: -1832.099280

AIC score: 3844.198560 / AICc score: 3908.182935 / BIC score: 4190.637790
Free parameters (model + branch lengths): 90

WARNING: Best ML tree contains 9 near-zero branches!

Best ML tree with collapsed near-zero branches saved to: /home/pavlos/research/language_evolution/mslang/origbinmat.fa.raxml.bestTreeCollapsed
Best ML tree saved to: /home/pavlos/research/language_evolution/mslang/origbinmat.fa.raxml.bestTree
All ML trees saved to: /home/pavlos/research/language_evolution/mslang/origbinmat.fa.raxml.mlTrees
Best ML tree with Felsenstein bootstrap (FBP) support values saved to: /home/pavlos/research/language_evolution/mslang/origbinmat.fa.raxml.support
Optimized model saved to: /home/pavlos/research/language_evolution/mslang/origbinmat.fa.raxml.bestModel
Bootstrap trees saved to: /home/pavlos/research/language_evolution/mslang/origbinmat.fa.raxml.bootstraps

Execution log saved to: /home/pavlos/research/language_evolution/mslang/origbinmat.fa.raxml.log

Analysis started: 18-Mar-2024 21:32:49 / finished: 18-Mar-2024 21:32:58

Elapsed time: 9.622 seconds

Consumed energy: 5124065853.440 Wh (= 25620329 km in an electric car, or 128101646 km with an e-scooter!)

