
RAxML-NG v. 1.0.1-master released on 19.09.2020 by The Exelixis Lab.
Developed by: Alexey M. Kozlov and Alexandros Stamatakis.
Contributors: Diego Darriba, Tomas Flouri, Benoit Morel, Sarah Lutteropp, Ben Bettisworth.
Latest version: https://github.com/amkozlov/raxml-ng
Questions/problems/suggestions? Please visit: https://groups.google.com/forum/#!forum/raxml

System: Intel(R) Core(TM) i7-2670QM CPU @ 2.20GHz, 4 cores, 15 GB RAM

RAxML-NG was called at 19-Mar-2024 00:26:01 as follows:

raxml-ng --all --msa binmat.fa --model BIN --redo --bs-trees 10

Analysis options:
  run mode: ML tree search + bootstrapping (Felsenstein Bootstrap)
  start tree(s): random (10) + parsimony (10)
  bootstrap replicates: 10
  random seed: 1710800761
  tip-inner: OFF
  pattern compression: ON
  per-rate scalers: OFF
  site repeats: ON
  branch lengths: proportional (ML estimate, algorithm: NR-FAST)
  SIMD kernels: AVX
  parallelization: coarse-grained (auto), PTHREADS (auto)

WARNING: Running in REDO mode: existing checkpoints are ignored, and all result files will be overwritten!

[00:00:00] Reading alignment from file: binmat.fa
[00:00:00] Loaded alignment with 46 taxa and 357 sites

WARNING: Sequences 3 and 4 are exactly identical!
WARNING: Sequences 5 and 6 are exactly identical!
WARNING: Sequences 11 and 12 are exactly identical!
WARNING: Sequences 43 and 44 are exactly identical!
WARNING: Duplicate sequences found: 4

NOTE: Reduced alignment (with duplicates and gap-only sites/taxa removed) 
NOTE: was saved to: /home/pavlos/research/language_evolution/mslang/scenario1_simple/binmat.fa.raxml.reduced.phy

Alignment comprises 1 partitions and 247 patterns

Partition 0: noname
Model: BIN+FO
Alignment sites / patterns: 357 / 247
Gaps: 0.00 %
Invariant sites: 0.00 %


NOTE: Binary MSA file created: binmat.fa.raxml.rba

Parallelization scheme autoconfig: 4 worker(s) x 1 thread(s)

Parallel reduction/worker buffer size: 1 KB  / 0 KB

[00:00:00] Generating 10 random starting tree(s) with 46 taxa
[00:00:00] Generating 10 parsimony starting tree(s) with 46 taxa
[00:00:00] Data distribution: max. partitions/sites/weight per thread: 1 / 247 / 494
[00:00:00] Data distribution: max. searches per worker: 8

Starting ML tree search with 20 distinct starting trees

[00:00:01] [worker #3] ML tree search #4, logLikelihood: -2925.422185
[00:00:01] [worker #0] ML tree search #1, logLikelihood: -2925.422182
[00:00:01] [worker #1] ML tree search #2, logLikelihood: -2925.422182
[00:00:01] [worker #2] ML tree search #3, logLikelihood: -2925.422182
[00:00:03] [worker #3] ML tree search #8, logLikelihood: -2925.422182
[00:00:03] [worker #0] ML tree search #5, logLikelihood: -2925.422183
[00:00:03] [worker #1] ML tree search #6, logLikelihood: -2925.422185
[00:00:03] [worker #2] ML tree search #7, logLikelihood: -2925.422181
[00:00:04] [worker #3] ML tree search #12, logLikelihood: -2925.422182
[00:00:05] [worker #2] ML tree search #11, logLikelihood: -2925.422182
[00:00:05] [worker #0] ML tree search #9, logLikelihood: -2925.422184
[00:00:05] [worker #1] ML tree search #10, logLikelihood: -2925.422183
[00:00:06] [worker #3] ML tree search #16, logLikelihood: -2925.422182
[00:00:06] [worker #0] ML tree search #13, logLikelihood: -2925.422182
[00:00:06] [worker #1] ML tree search #14, logLikelihood: -2925.422182
[00:00:06] [worker #2] ML tree search #15, logLikelihood: -2925.422182
[00:00:07] [worker #3] ML tree search #20, logLikelihood: -2925.422181
[00:00:07] [worker #0] ML tree search #17, logLikelihood: -2925.422181
[00:00:07] [worker #2] ML tree search #19, logLikelihood: -2925.422182
[00:00:07] [worker #1] ML tree search #18, logLikelihood: -2925.422181

[00:00:07] ML tree search completed, best tree logLH: -2925.422181

[00:00:07] Starting bootstrapping analysis with 10 replicates.

[00:00:08] [worker #3] Bootstrap tree #4, logLikelihood: -2863.316529
[00:00:08] [worker #1] Bootstrap tree #2, logLikelihood: -2927.989153
[00:00:09] [worker #2] Bootstrap tree #3, logLikelihood: -2845.352647
[00:00:09] [worker #0] Bootstrap tree #1, logLikelihood: -2862.270640
[00:00:10] [worker #3] Bootstrap tree #8, logLikelihood: -2917.445673
[00:00:10] [worker #2] Bootstrap tree #7, logLikelihood: -2825.193685
[00:00:10] [worker #1] Bootstrap tree #6, logLikelihood: -2998.814648
[00:00:10] [worker #0] Bootstrap tree #5, logLikelihood: -2867.953597
[00:00:11] [worker #0] Bootstrap tree #9, logLikelihood: -2882.101083
[00:00:11] [worker #1] Bootstrap tree #10, logLikelihood: -2912.876218

Optimized model parameters:

   Partition 0: noname
   Rate heterogeneity: NONE
   Base frequencies (ML): 0.538396 0.461604 
   Substitution rates (ML): 1.000000 


Final LogLikelihood: -2925.422181

AIC score: 6030.844362 / AICc score: 6092.423309 / BIC score: 6379.840582
Free parameters (model + branch lengths): 90

WARNING: Best ML tree contains 3 near-zero branches!

Best ML tree with collapsed near-zero branches saved to: /home/pavlos/research/language_evolution/mslang/scenario1_simple/binmat.fa.raxml.bestTreeCollapsed
Best ML tree saved to: /home/pavlos/research/language_evolution/mslang/scenario1_simple/binmat.fa.raxml.bestTree
All ML trees saved to: /home/pavlos/research/language_evolution/mslang/scenario1_simple/binmat.fa.raxml.mlTrees
Best ML tree with Felsenstein bootstrap (FBP) support values saved to: /home/pavlos/research/language_evolution/mslang/scenario1_simple/binmat.fa.raxml.support
Optimized model saved to: /home/pavlos/research/language_evolution/mslang/scenario1_simple/binmat.fa.raxml.bestModel
Bootstrap trees saved to: /home/pavlos/research/language_evolution/mslang/scenario1_simple/binmat.fa.raxml.bootstraps

Execution log saved to: /home/pavlos/research/language_evolution/mslang/scenario1_simple/binmat.fa.raxml.log

Analysis started: 19-Mar-2024 00:26:01 / finished: 19-Mar-2024 00:26:13

Elapsed time: 11.795 seconds

Consumed energy: 5124068049.176 Wh (= 25620340 km in an electric car, or 128101701 km with an e-scooter!)

